[2016.01.17-18.19.22:327][  0]Log file open, 01/17/16 15:19:22
[2016.01.17-18.19.22:327][  0]LogInit:Display: Running engine for game: Nimbus
[2016.01.17-18.19.22:327][  0]LogPlatformFile: Not using cached read wrapper
[2016.01.17-18.19.22:327][  0]LogInit:Display: RandInit(-153938524) SRandInit(-153938522).
[2016.01.17-18.19.22:327][  0]LogTaskGraph: Started task graph with 4 named threads and 7 total threads.
[2016.01.17-18.19.22:327][  0]LogStats: Stats thread started at 0.074937
[2016.01.17-18.19.22:327][  0]LogInit: Version: 4.10.2-2818068+++depot+UE4-Releases+4.10
[2016.01.17-18.19.22:327][  0]LogInit: API Version: 2758231
[2016.01.17-18.19.22:327][  0]LogInit: Compiled (64-bit): Jan  6 2016 17:36:42
[2016.01.17-18.19.22:327][  0]LogInit: Compiled with Visual C++: 19.00.23026.00
[2016.01.17-18.19.22:327][  0]LogInit: Build Configuration: Development
[2016.01.17-18.19.22:327][  0]LogInit: Branch Name: ++depot+UE4-Releases+4.10
[2016.01.17-18.19.22:327][  0]LogInit: Command line: 
[2016.01.17-18.19.22:327][  0]LogInit: Base directory: E:/Epic Games/4.10/Engine/Binaries/Win64/
[2016.01.17-18.19.22:327][  0]LogInit: Rocket: 1
[2016.01.17-18.19.22:333][  0]LogInit: Using libcurl 7.41.0
[2016.01.17-18.19.22:333][  0]LogInit:  - built for x86_64-pc-win32
[2016.01.17-18.19.22:333][  0]LogInit:  - supports SSL with WinSSL
[2016.01.17-18.19.22:333][  0]LogInit:  - other features:
[2016.01.17-18.19.22:333][  0]LogInit:      CURL_VERSION_SSL
[2016.01.17-18.19.22:333][  0]LogInit:      CURL_VERSION_IPV6
[2016.01.17-18.19.22:333][  0]LogInit:      CURL_VERSION_ASYNCHDNS
[2016.01.17-18.19.22:333][  0]LogInit:      CURL_VERSION_LARGEFILE
[2016.01.17-18.19.22:333][  0]LogInit:      CURL_VERSION_IDN
[2016.01.17-18.19.22:333][  0]LogInit:  CurlRequestOptions (configurable via config and command line):
[2016.01.17-18.19.22:333][  0]LogInit:  - bVerifyPeer = true  - Libcurl will verify peer certificate
[2016.01.17-18.19.22:333][  0]LogInit:  - bUseHttpProxy = false  - Libcurl will NOT use HTTP proxy
[2016.01.17-18.19.22:333][  0]LogInit:  - bDontReuseConnections = false  - Libcurl will reuse connections
[2016.01.17-18.19.22:333][  0]LogInit:  - CertBundlePath = nullptr  - Libcurl will use whatever was configured at build time.
[2016.01.17-18.19.22:339][  0]LogInit: Presizing for 0 objects not considered by GC, pre-allocating 0 bytes.
[2016.01.17-18.19.22:346][  0]LogInit: Object subsystem initialized
[2016.01.17-18.19.22:347][  0]LogInit: Selected Device Profile: [Windows]
[2016.01.17-18.19.22:347][  0]LogInit: Applying CVar settings loaded from the selected device profile: [Windows]
[2016.01.17-18.19.22:368][  0]LogInit: Computer: DESKTOP-5EJ9TA3
[2016.01.17-18.19.22:368][  0]LogInit: User: GCint
[2016.01.17-18.19.22:368][  0]LogInit: CPU Page size=4096, Cores=4
[2016.01.17-18.19.22:368][  0]LogInit: High frequency timer resolution =3.215351 MHz
[2016.01.17-18.19.22:368][  0]LogMemory: Memory total: Physical=8.0GB (8GB approx)
[2016.01.17-18.19.22:369][  0]LogMemory: Platform Memory Stats for Windows
[2016.01.17-18.19.22:369][  0]LogMemory: Process Physical Memory: 55.29 MB used, 55.29 MB peak
[2016.01.17-18.19.22:369][  0]LogMemory: Process Virtual Memory: 56.84 MB used, 56.84 MB peak
[2016.01.17-18.19.22:369][  0]LogMemory: Physical Memory: 3674.79 MB used, 8156.88 MB total
[2016.01.17-18.19.22:369][  0]LogMemory: Virtual Memory: 381.57 MB used, 134217728.00 MB total
[2016.01.17-18.19.22:713][  0]LogD3D11RHI: Found D3D11 adapter 0: NVIDIA GeForce GTX 660   (Feature Level 11_0)
[2016.01.17-18.19.22:713][  0]LogD3D11RHI: Adapter has 1988MB of dedicated video memory, 0MB of dedicated system memory, and 4078MB of shared system memory, 1 output[s]
[2016.01.17-18.19.22:715][  0]LogD3D11RHI: Found D3D11 adapter 1: Microsoft Basic Render Driver (Feature Level 11_0)
[2016.01.17-18.19.22:715][  0]LogD3D11RHI: Adapter has 0MB of dedicated video memory, 0MB of dedicated system memory, and 4078MB of shared system memory, 0 output[s]
[2016.01.17-18.19.22:715][  0]LogD3D11RHI: Chosen D3D11 Adapter Id = 0
[2016.01.17-18.19.22:718][  0]LogD3D11RHI: !Direct3DDevice
[2016.01.17-18.19.22:718][  0]LogRHI: Texture pool is 1361 MB (70% of 1945 MB)
[2016.01.17-18.19.22:731][  0]LogD3D11RHI: Async texture creation enabled
[2016.01.17-18.19.22:756][  0]LogShaderCompilers: Guid format shader working directory is 16 characters bigger than the processId version (../../../../../Projetos/Nimbus/Intermediate/Shaders/WorkingDirectory/4940/).
[2016.01.17-18.19.22:756][  0]LogShaderCompilers: Cleaned the shader compiler working directory 'C:/Users/GCint/AppData/Local/Temp/UnrealShaderWorkingDir/C42B5A154DBD8842D04A8B8708E8098E/'.
[2016.01.17-18.19.22:756][  0]LogShaderCompilers:Display: Using Local Shader Compiler.
[2016.01.17-18.19.23:586][  0]LogTemp:Display: Loaded TP AllDesktopTargetPlatform
[2016.01.17-18.19.23:590][  0]LogTemp:Display: Loaded TP WindowsClientTargetPlatform
[2016.01.17-18.19.23:594][  0]LogTemp:Display: Loaded TP WindowsNoEditorTargetPlatform
[2016.01.17-18.19.23:599][  0]LogTemp:Display: Loaded TP WindowsServerTargetPlatform
[2016.01.17-18.19.23:603][  0]LogTemp:Display: Loaded TP WindowsTargetPlatform
[2016.01.17-18.19.23:606][  0]LogTemp:Display: Loaded TP AndroidTargetPlatform
[2016.01.17-18.19.23:609][  0]LogTemp:Display: Loaded TP Android_ASTCTargetPlatform
[2016.01.17-18.19.23:612][  0]LogTemp:Display: Loaded TP Android_ATCTargetPlatform
[2016.01.17-18.19.23:618][  0]LogTemp:Display: Loaded TP Android_DXTTargetPlatform
[2016.01.17-18.19.23:621][  0]LogTemp:Display: Loaded TP Android_ETC1TargetPlatform
[2016.01.17-18.19.23:625][  0]LogTemp:Display: Loaded TP Android_ETC2TargetPlatform
[2016.01.17-18.19.23:633][  0]LogTemp:Display: Loaded TP Android_MultiTargetPlatform
[2016.01.17-18.19.23:633][  0]LogTemp:Display: Loaded TP Android_PVRTCTargetPlatform
[2016.01.17-18.19.23:634][  0]LogTemp:Display: Loaded TP HTML5TargetPlatform
[2016.01.17-18.19.23:650][  0]LogTemp:Display: Loaded TP IOSTargetPlatform
[2016.01.17-18.19.23:652][  0]LogTemp:Display: Loaded TP LinuxNoEditorTargetPlatform
[2016.01.17-18.19.23:655][  0]LogTemp:Display: Loaded TP LinuxServerTargetPlatform
[2016.01.17-18.19.23:658][  0]LogTemp:Display: Loaded TP LinuxTargetPlatform
[2016.01.17-18.19.23:658][  0]LogTargetPlatformManager:Display: Building Assets For Windows
[2016.01.17-18.19.23:746][  0]LogDerivedDataCache:Display: Max Cache Size: 512 MB
[2016.01.17-18.19.23:796][  0]LogDerivedDataCache: Loaded boot cache 0.05s 41MB C:/Users/GCint/AppData/Local/UnrealEngine/4.10/DerivedDataCache/Boot.ddc.
[2016.01.17-18.19.23:796][  0]LogDerivedDataCache:Display: Loaded Boot cache: C:/Users/GCint/AppData/Local/UnrealEngine/4.10/DerivedDataCache/Boot.ddc
[2016.01.17-18.19.23:796][  0]LogDerivedDataCache: FDerivedDataBackendGraph:  Pak pak cache file ../../../../../Projetos/Nimbus/DerivedDataCache/DDC.ddp not found, will not use a pak cache.
[2016.01.17-18.19.23:796][  0]LogDerivedDataCache: Unable to find inner node Pak for hierarchical cache Hierarchy.
[2016.01.17-18.19.23:796][  0]LogDerivedDataCache: FDerivedDataBackendGraph:  CompressedPak pak cache file ../../../../../Projetos/Nimbus/DerivedDataCache/Compressed.ddp not found, will not use a pak cache.
[2016.01.17-18.19.23:796][  0]LogDerivedDataCache: Unable to find inner node CompressedPak for hierarchical cache Hierarchy.
[2016.01.17-18.19.23:864][  0]LogDerivedDataCache:Display: Pak cache opened for reading ../../../Engine/DerivedDataCache/Compressed.ddp.
[2016.01.17-18.19.23:876][  0]LogDerivedDataCache: Using Local data cache path C:/Users/GCint/AppData/Local/UnrealEngine/Common/DerivedDataCache: Writable
[2016.01.17-18.19.24:100][  0]LogInit: Selected Device Profile: [Windows]
[2016.01.17-18.19.24:103][  0]LogContentStreaming: Texture pool size is 0.000000MB
[2016.01.17-18.19.24:227][  0]LogMeshUtilities: No automatic mesh reduction module available
[2016.01.17-18.19.24:227][  0]LogMeshUtilities: No automatic mesh merging module available
[2016.01.17-18.19.24:557][  0]LogInit: WinSock: version 1.1 (2.2), MaxSocks=32767, MaxUdp=65467
[2016.01.17-18.19.25:459][  0]UdpMessaging: Initializing bridge on interface 0.0.0.0:0 to multicast group 230.0.0.1:6666.
[2016.01.17-18.19.25:560][  0]LogAssetRegistry: FAssetRegistry took 0.0107 seconds to start up
[2016.01.17-18.19.25:736][  0]SourceControl: Informações Controle de origem desativado
[2016.01.17-18.19.25:737][  0]SourceControl: Informações Controle de origem desativado
[2016.01.17-18.19.25:752][  0]SourceControl: Informações Controle de origem desativado
[2016.01.17-18.19.25:767][  0]SourceControl: Informações Controle de origem desativado
[2016.01.17-18.19.26:078][  0]LogObj: 28633 objects as part of root set at end of initial load.
[2016.01.17-18.19.26:078][  0]LogUObjectAllocator: 6099752 out of 0 bytes used by permanent object pool.
[2016.01.17-18.19.26:136][  0]LogEngine: Initializing Engine...
[2016.01.17-18.19.26:138][  0]LogHMD: Can't find Oculus library dev build: is proper Runtime installed? Version: 0.8.0.0
[2016.01.17-18.19.26:138][  0]LogHMD: SteamVR failed to initialize.  Err: 110
[2016.01.17-18.19.26:262][  0]LogAIModule: Creating AISystem for world NewWorld
[2016.01.17-18.19.26:274][  0]LogInit: XAudio2 using 'Alto-falantes (ASUS Xonar DGX Audio Device)' : 8 channels at 48 kHz using 24 bits per sample (channel mask 0x63f)
[2016.01.17-18.19.26:294][  0]LogInit: FAudioDevice initialized.
[2016.01.17-18.19.26:316][  0]LogDerivedDataCache: Saved boot cache 0.02s 41MB C:/Users/GCint/AppData/Local/UnrealEngine/4.10/DerivedDataCache/Boot.ddc.
[2016.01.17-18.19.26:323][  0]LogInit: Texture streaming: Enabled
[2016.01.17-18.19.26:328][  0]LogAnalytics: Creating configured Analytics provider AnalyticsET
[2016.01.17-18.19.26:328][  0]LogAnalytics: [UEEditor.Rocket.Release] APIServer = http://et2.epicgames.com/ET2/. AppVersion = 4.10.2-2818068+++depot+UE4-Releases+4.10
[2016.01.17-18.19.26:328][  0]LogAnalytics: [UEEditor.Rocket.Release] SetUserId 870f0d784dd214d0698c45867b611bb2|5a6103834dce449992c58405d68caa98|cfdadce4-1bef-486e-a565-7b257141e45a
[2016.01.17-18.19.26:328][  0]LogAnalytics: [UEEditor.Rocket.Release] AnalyticsET::StartSession
[2016.01.17-18.19.26:335][  0]LogInit: Transaction tracking system initialized
[2016.01.17-18.19.26:356][  0]BlueprintLog: New page: Carregar Editor
[2016.01.17-18.19.26:422][  0]LocalizationService: Informações Localization service is disabled
[2016.01.17-18.19.26:500][  0]LogConsoleResponse:Display: 
[2016.01.17-18.19.26:648][  0]LogFileCache: Scanning file cache for directory 'E:/Projetos/Nimbus/Content/' took 0.02s
[2016.01.17-18.19.26:648][  0]LogCook:Display: Done creating registry. It took  0.00s.
[2016.01.17-18.19.26:708][  0]SourceControl: Informações Controle de origem desativado
[2016.01.17-18.19.26:708][  0]Cmd: MAP LOAD FILE="../../../../../Projetos/Nimbus/Content/2DSideScrollerBP/Maps/2DSideScrollerExampleMap.umap" TEMPLATE=0 SHOWPROGRESS=1 FEATURELEVEL=3
[2016.01.17-18.19.26:722][  0]LightingResults: New page: Compilação de Iluminação
[2016.01.17-18.19.26:724][  0]MapCheck: New page: Verificação de Mapa
[2016.01.17-18.19.26:724][  0]LightingResults: New page: Compilação de Iluminação
[2016.01.17-18.19.26:736][  0]LogParticles: Destroying 0 GPU particle simulations for FXSystem 0x000001D0B7A35D00
[2016.01.17-18.19.27:670][  0]LogAIModule: Creating AISystem for world 2DSideScrollerExampleMap
[2016.01.17-18.19.27:753][  0]LogEditorServer: Finished looking for orphan Actors (0.000 secs)
[2016.01.17-18.19.27:772][  0]Cmd: MAP CHECKDEP NOCLEARLOG
[2016.01.17-18.19.27:860][  0]MapCheck: Informações Map check complete: 0 Error(s), 0 Warning(s), took 87,346ms to complete.
[2016.01.17-18.19.27:860][  0]LogFileHelpers: Loading map '2DSideScrollerExampleMap' took 1.151
[2016.01.17-18.19.28:628][  0]LogCollectionManager: Loaded 0 collections in 0.001589 seconds
[2016.01.17-18.19.29:315][  0]LogFileCache: Scanning file cache for directory 'E:/Projetos/Nimbus/Saved/Collections/' took 0.01s
[2016.01.17-18.19.29:315][  0]LogFileCache: Scanning file cache for directory 'E:/Projetos/Nimbus/Content/Developers/GCint/Collections/' took 0.01s
[2016.01.17-18.19.29:315][  0]LogFileCache: Scanning file cache for directory 'E:/Projetos/Nimbus/Content/Collections/' took 0.01s
[2016.01.17-18.19.29:315][  0]LogCollectionManager: Rebuilt the GUID cache for 0 collections in 0.000002 seconds
[2016.01.17-18.19.29:382][  0]LogContentBrowser: Native class hierarchy populated in 0.0397 seconds. Added 1893 classes and 338 folders.
[2016.01.17-18.19.29:645][  0]LogContentBrowser: Native class hierarchy updated for 'WidgetCarousel' in 0.0005 seconds. Added 0 classes and 0 folders.
[2016.01.17-18.19.30:841][  0]LogContentBrowser: Native class hierarchy updated for 'AddContentDialog' in 0.0005 seconds. Added 0 classes and 0 folders.
[2016.01.17-18.19.30:997][  0]LogContentBrowser: Native class hierarchy updated for 'SceneOutliner' in 0.0007 seconds. Added 1 classes and 2 folders.
[2016.01.17-18.19.31:506][  0]LogCrashTracker: Crashtracker disabled due to settings.
[2016.01.17-18.19.31:836][  0]LogLoad: Full Startup: 10.29 seconds (BP compile: 0.08 seconds)
[2016.01.17-18.19.31:848][  0]LogOcInput: Can't find Oculus library dev build: is proper Runtime installed? Version: 0.8.0.0
[2016.01.17-18.19.32:079][  0]LogContentStreaming: Texture pool size now 1000 MB
[2016.01.17-18.19.32:544][  0]LogRenderer: Reallocating scene render targets to support 1208x572 (Frame:2).
[2016.01.17-18.19.33:190][  3]LogAssetRegistry: Asset discovery search completed in 7.6405 seconds
[2016.01.17-18.19.33:190][  3]LogCollectionManager: Rebuilt the object cache for 0 collections in 0.000001 seconds (found 0 objects)
[2016.01.17-18.19.33:190][  3]LogCollectionManager: Fixed up redirectors for 0 collections in 0.000019 seconds (updated 0 objects)
[2016.01.17-18.19.44:086][220]LogContentBrowser: Native class hierarchy updated for 'Matinee' in 0.0007 seconds. Added 15 classes and 2 folders.
[2016.01.17-18.19.44:149][220]LogInit: Transaction tracking system initialized
[2016.01.17-18.19.44:174][220]EditorErrors: New page: Inicialização de Matinê
[2016.01.17-18.19.56:284][366]LogSlate:Warning: Prevented a slow task dialog from being summoned while a context menu was open
[2016.01.17-18.19.56:402][366]LogLinker:Warning: Asset '../../../Engine/Content/ArtTools/RenderToTexture/Macros/RenderToTextureMacros.uasset' has been saved with empty engine version. The asset will be loaded but may be incompatible.
[2016.01.17-18.19.57:246][366]LogContentBrowser: Native class hierarchy updated for 'BlueprintGraph' in 0.0010 seconds. Added 107 classes and 0 folders.
[2016.01.17-18.20.15:149][985]Cmd: DELETE
[2016.01.17-18.20.15:149][985]Cmd: ACTOR DELETE
[2016.01.17-18.20.15:188][985]LogEditorActor: Deleted Actor: MatineeActor
[2016.01.17-18.20.15:220][985]LogExit: Transaction tracking system shut down
[2016.01.17-18.20.15:221][985]LogParticles: Destroying 0 GPU particle simulations for FXSystem 0x000001D0DAC62FC0
[2016.01.17-18.20.15:226][985]LogEditorActor: Deleted 1 Actors (0.038 secs)
[2016.01.17-18.20.16:441][121]LogBlueprintUserMessages: Early PlayInEditor Detection: Level '/Game/2DSideScrollerBP/Maps/2DSideScrollerExampleMap.2DSideScrollerExampleMap:PersistentLevel' has LevelScriptBlueprint '/Game/2DSideScrollerBP/Maps/2DSideScrollerExampleMap.2DSideScrollerExampleMap:PersistentLevel.2DSideScrollerExampleMap' with GeneratedClass '/Game/2DSideScrollerBP/Maps/2DSideScrollerExampleMap.2DSideScrollerExampleMap_C' with ClassGeneratedBy '/Game/2DSideScrollerBP/Maps/2DSideScrollerExampleMap.2DSideScrollerExampleMap:PersistentLevel.2DSideScrollerExampleMap'
[2016.01.17-18.20.16:442][121]LogPlayLevel: PlayLevel: No blueprints needed recompiling
[2016.01.17-18.20.16:475][121]PIE: New page: Sessão de PIE : 2DSideScrollerExampleMap (17/01/2016 12:20:16)
[2016.01.17-18.20.16:475][121]LogPlayLevel: Creating play world package: /Game/2DSideScrollerBP/Maps/UEDPIE_0_2DSideScrollerExampleMap
[2016.01.17-18.20.16:491][121]LogPlayLevel: PIE: StaticDuplicateObject took: (0.016776s)
[2016.01.17-18.20.16:492][121]LogAIModule: Creating AISystem for world 2DSideScrollerExampleMap
[2016.01.17-18.20.16:492][121]LogPlayLevel: PIE: World Init took: (0.000744s)
[2016.01.17-18.20.16:492][121]LogPlayLevel: PIE: Created PIE world by copying editor world from /Game/2DSideScrollerBP/Maps/2DSideScrollerExampleMap.2DSideScrollerExampleMap to /Game/2DSideScrollerBP/Maps/UEDPIE_0_2DSideScrollerExampleMap.2DSideScrollerExampleMap (0.017847s)
[2016.01.17-18.20.16:527][121]LogInit: XAudio2 using 'Alto-falantes (ASUS Xonar DGX Audio Device)' : 8 channels at 48 kHz using 24 bits per sample (channel mask 0x63f)
[2016.01.17-18.20.16:533][121]LogInit: FAudioDevice initialized.
[2016.01.17-18.20.16:659][121]LogWorld: Game class is '2DSideScrollerGameMode_C'
[2016.01.17-18.20.16:695][121]LogWorld: Bringing World /Game/2DSideScrollerBP/Maps/UEDPIE_0_2DSideScrollerExampleMap.2DSideScrollerExampleMap up for play (max tick rate 0) at 2016.01.17-15.20.16
[2016.01.17-18.20.16:695][121]LogActor:Warning: GameSession /Game/2DSideScrollerBP/Maps/UEDPIE_0_2DSideScrollerExampleMap.2DSideScrollerExampleMap:PersistentLevel.GameSession_0 has natively added scene component(s), but none of them were set as the actor's RootComponent - picking one arbitrarily
[2016.01.17-18.20.16:709][121]LogActor:Warning: GameNetworkManager /Game/2DSideScrollerBP/Maps/UEDPIE_0_2DSideScrollerExampleMap.2DSideScrollerExampleMap:PersistentLevel.GameNetworkManager_0 has natively added scene component(s), but none of them were set as the actor's RootComponent - picking one arbitrarily
[2016.01.17-18.20.16:709][121]LogWorld: Bringing up level for play took: 0.019892
[2016.01.17-18.20.16:855][121]PIE: Informações Momento de início de reprodução no editor para /Game/2DSideScrollerBP/Maps/UEDPIE_0_2DSideScrollerExampleMap -0,518
[2016.01.17-18.20.16:855][121]LogBlueprintUserMessages: Late PlayInEditor Detection: Level '/Game/2DSideScrollerBP/Maps/2DSideScrollerExampleMap.2DSideScrollerExampleMap:PersistentLevel' has LevelScriptBlueprint '/Game/2DSideScrollerBP/Maps/2DSideScrollerExampleMap.2DSideScrollerExampleMap:PersistentLevel.2DSideScrollerExampleMap' with GeneratedClass '/Game/2DSideScrollerBP/Maps/2DSideScrollerExampleMap.2DSideScrollerExampleMap_C' with ClassGeneratedBy '/Game/2DSideScrollerBP/Maps/2DSideScrollerExampleMap.2DSideScrollerExampleMap:PersistentLevel.2DSideScrollerExampleMap'
[2016.01.17-18.20.32:913][ 24]LogBlueprintUserMessages: Early EndPlayMap Detection: Level '/Game/2DSideScrollerBP/Maps/2DSideScrollerExampleMap.2DSideScrollerExampleMap:PersistentLevel' has LevelScriptBlueprint '/Game/2DSideScrollerBP/Maps/2DSideScrollerExampleMap.2DSideScrollerExampleMap:PersistentLevel.2DSideScrollerExampleMap' with GeneratedClass '/Game/2DSideScrollerBP/Maps/2DSideScrollerExampleMap.2DSideScrollerExampleMap_C' with ClassGeneratedBy '/Game/2DSideScrollerBP/Maps/2DSideScrollerExampleMap.2DSideScrollerExampleMap:PersistentLevel.2DSideScrollerExampleMap'
[2016.01.17-18.20.32:985][ 24]LogBlueprintUserMessages: Late EndPlayMap Detection: Level '/Game/2DSideScrollerBP/Maps/2DSideScrollerExampleMap.2DSideScrollerExampleMap:PersistentLevel' has LevelScriptBlueprint '/Game/2DSideScrollerBP/Maps/2DSideScrollerExampleMap.2DSideScrollerExampleMap:PersistentLevel.2DSideScrollerExampleMap' with GeneratedClass '/Game/2DSideScrollerBP/Maps/2DSideScrollerExampleMap.2DSideScrollerExampleMap_C' with ClassGeneratedBy '/Game/2DSideScrollerBP/Maps/2DSideScrollerExampleMap.2DSideScrollerExampleMap:PersistentLevel.2DSideScrollerExampleMap'
[2016.01.17-18.20.33:028][ 25]LogParticles: Destroying 0 GPU particle simulations for FXSystem 0x000001D0AA2DDD00
[2016.01.17-18.20.46:779][588]LogEditorActor: Deleted Actor: TextRenderActor
[2016.01.17-18.20.46:803][588]LogEditorActor: Deleted 1 Actors (0.024 secs)
[2016.01.17-18.22.25:002][360]LogTexture:Display: Criando texturas: Texture2D_2 (G8)
[2016.01.17-18.22.37:049][644]LogParticles: Destroying 0 GPU particle simulations for FXSystem 0x000001D0C3990E00
[2016.01.17-18.22.38:535][644]LogWindowsTextInputMethodSystem:Display: IME system now deactivated.
[2016.01.17-18.22.38:773][645]Cmd: QUIT_EDITOR
[2016.01.17-18.22.39:649][645]LogExit: Preparing to exit.
[2016.01.17-18.22.40:599][645]LogExit: Editor shut down
[2016.01.17-18.22.40:599][645]LogExit: Transaction tracking system shut down
[2016.01.17-18.22.40:600][645]LogParticles: Destroying 0 GPU particle simulations for FXSystem 0x000001D0AA613E20
[2016.01.17-18.22.40:600][645]LogParticles: Destroying 0 GPU particle simulations for FXSystem 0x000001D0C5EA4E00
[2016.01.17-18.22.40:601][645]LogParticles: Destroying 0 GPU particle simulations for FXSystem 0x000001D0DA8BA0C0
[2016.01.17-18.22.40:765][645]LogParticles: Destroying 0 GPU particle simulations for FXSystem 0x000001D0C39928E0
[2016.01.17-18.22.40:765][645]LogExit: Object subsystem successfully closed.
[2016.01.17-18.22.40:780][645]LogD3D11RHI: Shutdown
[2016.01.17-18.22.40:780][645]LogD3D11RHI: CleanupD3DDevice
[2016.01.17-18.22.40:842][645]LogD3D11RHI: ~FD3D11DynamicRHI
[2016.01.17-18.22.40:865][645]LogModuleManager: Shutting down and abandoning module NewLevelDialog (202)
[2016.01.17-18.22.40:865][645]LogModuleManager: Shutting down and abandoning module BlueprintGraph (201)
[2016.01.17-18.22.40:865][645]LogModuleManager: Shutting down and abandoning module DistCurveEditor (200)
[2016.01.17-18.22.40:865][645]LogModuleManager: Shutting down and abandoning module Matinee (199)
[2016.01.17-18.22.40:865][645]LogModuleManager: Shutting down and abandoning module CrashTracker (198)
[2016.01.17-18.22.40:865][645]LogModuleManager: Shutting down and abandoning module SceneOutliner (197)
[2016.01.17-18.22.40:865][645]LogModuleManager: Shutting down and abandoning module SuperSearch (196)
[2016.01.17-18.22.40:865][645]LogModuleManager: Shutting down and abandoning module WidgetCarousel (195)
[2016.01.17-18.22.40:865][645]LogModuleManager: Shutting down and abandoning module AddContentDialog (194)
[2016.01.17-18.22.40:866][645]LogModuleManager: Shutting down and abandoning module EditorWidgets (193)
[2016.01.17-18.22.40:866][645]LogModuleManager: Shutting down and abandoning module CollectionManager (192)
[2016.01.17-18.22.40:866][645]LogModuleManager: Shutting down and abandoning module StatsViewer (191)
[2016.01.17-18.22.40:866][645]LogModuleManager: Shutting down and abandoning module FoliageEdit (190)
[2016.01.17-18.22.40:866][645]LogModuleManager: Shutting down and abandoning module LandscapeEditor (189)
[2016.01.17-18.22.40:866][645]LogModuleManager: Shutting down and abandoning module ActorPickerMode (188)
[2016.01.17-18.22.40:866][645]LogModuleManager: Shutting down and abandoning module GeometryMode (187)
[2016.01.17-18.22.40:866][645]LogModuleManager: Shutting down and abandoning module TextureAlignMode (186)
[2016.01.17-18.22.40:866][645]LogModuleManager: Shutting down and abandoning module BspMode (185)
[2016.01.17-18.22.40:866][645]LogModuleManager: Shutting down and abandoning module PlacementMode (184)
[2016.01.17-18.22.40:866][645]LogModuleManager: Shutting down and abandoning module AutomationWorker (183)
[2016.01.17-18.22.40:867][645]LogModuleManager: Shutting down and abandoning module CharacterAI (182)
[2016.01.17-18.22.40:867][645]LogModuleManager: Shutting down and abandoning module SmartSnapping (181)
[2016.01.17-18.22.40:867][645]LogModuleManager: Shutting down and abandoning module ViewportSnapping (180)
[2016.01.17-18.22.40:867][645]LogModuleManager: Shutting down and abandoning module LogVisualizer (179)
[2016.01.17-18.22.40:867][645]LogModuleManager: Shutting down and abandoning module GameProjectGeneration (178)
[2016.01.17-18.22.40:867][645]LogModuleManager: Shutting down and abandoning module IntroTutorials (177)
[2016.01.17-18.22.40:867][645]LogModuleManager: Shutting down and abandoning module EditorLiveStreaming (176)
[2016.01.17-18.22.40:867][645]LogModuleManager: Shutting down and abandoning module IOSPlatformEditor (175)
[2016.01.17-18.22.40:867][645]LogModuleManager: Shutting down and abandoning module HTML5PlatformEditor (174)
[2016.01.17-18.22.40:867][645]LogModuleManager: Shutting down and abandoning module AndroidDeviceDetection (173)
[2016.01.17-18.22.41:510][645]LogModuleManager: Shutting down and abandoning module AndroidPlatformEditor (172)
[2016.01.17-18.22.41:510][645]LogModuleManager: Shutting down and abandoning module IOSRuntimeSettings (171)
[2016.01.17-18.22.41:510][645]LogModuleManager: Shutting down and abandoning module AndroidRuntimeSettings (170)
[2016.01.17-18.22.41:510][645]LogModuleManager: Shutting down and abandoning module MergeActors (169)
[2016.01.17-18.22.41:510][645]LogModuleManager: Shutting down and abandoning module SizeMap (168)
[2016.01.17-18.22.41:510][645]LogModuleManager: Shutting down and abandoning module TreeMap (167)
[2016.01.17-18.22.41:510][645]LogModuleManager: Shutting down and abandoning module ReferenceViewer (166)
[2016.01.17-18.22.41:510][645]LogModuleManager: Shutting down and abandoning module LocalizationService (165)
[2016.01.17-18.22.41:510][645]LogModuleManager: Shutting down and abandoning module LocalizationDashboard (164)
[2016.01.17-18.22.41:510][645]LogModuleManager: Shutting down and abandoning module HardwareTargeting (163)
[2016.01.17-18.22.41:510][645]LogModuleManager: Shutting down and abandoning module DeviceProfileEditor (162)
[2016.01.17-18.22.41:510][645]LogModuleManager: Shutting down and abandoning module UndoHistory (161)
[2016.01.17-18.22.41:510][645]LogModuleManager: Shutting down and abandoning module GameplayTagsEditor (160)
[2016.01.17-18.22.41:510][645]LogModuleManager: Shutting down and abandoning module UserFeedback (159)
[2016.01.17-18.22.41:510][645]LogModuleManager: Shutting down and abandoning module XmlParser (158)
[2016.01.17-18.22.41:510][645]LogModuleManager: Shutting down and abandoning module Blutility (157)
[2016.01.17-18.22.41:510][645]LogModuleManager: Shutting down and abandoning module ProjectTargetPlatformEditor (156)
[2016.01.17-18.22.41:510][645]LogModuleManager: Shutting down and abandoning module ProjectSettingsViewer (155)
[2016.01.17-18.22.41:510][645]LogModuleManager: Shutting down and abandoning module InputBindingEditor (154)
[2016.01.17-18.22.41:511][645]LogModuleManager: Shutting down and abandoning module EditorSettingsViewer (153)
[2016.01.17-18.22.41:511][645]LogModuleManager: Shutting down and abandoning module SettingsEditor (152)
[2016.01.17-18.22.41:511][645]LogModuleManager: Shutting down and abandoning module ProjectLauncher (151)
[2016.01.17-18.22.41:511][645]LogModuleManager: Shutting down and abandoning module SessionFrontend (150)
[2016.01.17-18.22.41:511][645]LogModuleManager: Shutting down and abandoning module ProfilerClient (149)
[2016.01.17-18.22.41:511][645]LogModuleManager: Shutting down and abandoning module TargetDeviceServices (148)
[2016.01.17-18.22.41:511][645]LogModuleManager: Shutting down and abandoning module DeviceManager (147)
[2016.01.17-18.22.41:511][645]LogModuleManager: Shutting down and abandoning module AutomationController (146)
[2016.01.17-18.22.41:511][645]LogModuleManager: Shutting down and abandoning module AutomationWindow (145)
[2016.01.17-18.22.41:511][645]LogModuleManager: Shutting down and abandoning module Layers (144)
[2016.01.17-18.22.41:511][645]LogModuleManager: Shutting down and abandoning module ComponentVisualizers (143)
[2016.01.17-18.22.41:511][645]LogModuleManager: Shutting down and abandoning module DetailCustomizations (142)
[2016.01.17-18.22.41:511][645]LogModuleManager: Shutting down and abandoning module PackagesDialog (141)
[2016.01.17-18.22.41:511][645]LogModuleManager: Shutting down and abandoning module Persona (140)
[2016.01.17-18.22.41:511][645]LogModuleManager: Shutting down and abandoning module Kismet (139)
[2016.01.17-18.22.41:511][645]LogModuleManager: Shutting down and abandoning module GraphEditor (138)
[2016.01.17-18.22.41:511][645]LogModuleManager: Shutting down and abandoning module ClassViewer (137)
[2016.01.17-18.22.41:511][645]LogModuleManager: Shutting down and abandoning module Toolbox (136)
[2016.01.17-18.22.41:511][645]LogModuleManager: Shutting down and abandoning module ModuleUI (135)
[2016.01.17-18.22.41:511][645]LogModuleManager: Shutting down and abandoning module MovieSceneTools (134)
[2016.01.17-18.22.41:511][645]LogModuleManager: Shutting down and abandoning module OutputLog (133)
[2016.01.17-18.22.41:511][645]LogModuleManager: Shutting down and abandoning module GammaUI (132)
[2016.01.17-18.22.41:511][645]LogModuleManager: Shutting down and abandoning module Documentation (131)
[2016.01.17-18.22.41:511][645]LogModuleManager: Shutting down and abandoning module GameLiveStreaming (130)
[2016.01.17-18.22.41:511][645]LogModuleManager: Shutting down and abandoning module StreamingPauseRendering (129)
[2016.01.17-18.22.41:511][645]LogModuleManager: Shutting down and abandoning module AnalyticsET (128)
[2016.01.17-18.22.41:511][645]LogModuleManager: Shutting down and abandoning module Analytics (127)
[2016.01.17-18.22.41:511][645]LogModuleManager: Shutting down and abandoning module AITestSuite (126)
[2016.01.17-18.22.41:511][645]LogModuleManager: Shutting down and abandoning module GameplayDebugger (125)
[2016.01.17-18.22.41:511][645]LogModuleManager: Shutting down and abandoning module AIModule (124)
[2016.01.17-18.22.41:511][645]LogModuleManager: Shutting down and abandoning module ProfilerService (123)
[2016.01.17-18.22.41:745][645]LogModuleManager: Shutting down and abandoning module TaskGraph (122)
[2016.01.17-18.22.41:745][645]LogModuleManager: Shutting down and abandoning module SlateRemote (121)
[2016.01.17-18.22.41:745][645]LogModuleManager: Shutting down and abandoning module SteamVRController (120)
[2016.01.17-18.22.41:745][645]LogModuleManager: Shutting down and abandoning module SteamVR (119)
[2016.01.17-18.22.41:745][645]LogModuleManager: Shutting down and abandoning module ProceduralMeshComponent (118)
[2016.01.17-18.22.41:745][645]LogModuleManager: Shutting down and abandoning module OculusLibrary (117)
[2016.01.17-18.22.41:745][645]LogModuleManager: Shutting down and abandoning module OculusInput (116)
[2016.01.17-18.22.41:745][645]LogModuleManager: Shutting down and abandoning module LeapMotionController (115)
[2016.01.17-18.22.41:753][645]LogModuleManager: Shutting down and abandoning module CustomMeshComponent (114)
[2016.01.17-18.22.41:753][645]LogModuleManager: Shutting down and abandoning module CableComponent (113)
[2016.01.17-18.22.41:753][645]LogModuleManager: Shutting down and abandoning module ArchVisCharacter (112)
[2016.01.17-18.22.41:753][645]LogModuleManager: Shutting down and abandoning module MessagingDebugger (111)
[2016.01.17-18.22.41:753][645]LogModuleManager: Shutting down and abandoning module MediaPlayerEditor (110)
[2016.01.17-18.22.41:753][645]LogModuleManager: Shutting down and abandoning module HTML5Networking (109)
[2016.01.17-18.22.41:753][645]LogModuleManager: Shutting down and abandoning module SpeedTreeImporter (108)
[2016.01.17-18.22.41:753][645]LogModuleManager: Shutting down and abandoning module PluginBrowser (107)
[2016.01.17-18.22.41:753][645]LogModuleManager: Shutting down and abandoning module EpicSurvey (106)
[2016.01.17-18.22.41:753][645]LogModuleManager: Shutting down and abandoning module DesktopPlatform (105)
[2016.01.17-18.22.41:753][645]LogModuleManager: Shutting down and abandoning module VisualStudioSourceCodeAccess (104)
[2016.01.17-18.22.41:753][645]LogModuleManager: Shutting down and abandoning module UObjectPlugin (103)
[2016.01.17-18.22.41:753][645]LogModuleManager: Shutting down and abandoning module SubversionSourceControl (102)
[2016.01.17-18.22.41:753][645]LogModuleManager: Shutting down and abandoning module PerforceSourceControl (101)
[2016.01.17-18.22.41:753][645]LogModuleManager: Shutting down and abandoning module SourceControl (100)
[2016.01.17-18.22.41:753][645]LogModuleManager: Shutting down and abandoning module GitSourceControl (99)
[2016.01.17-18.22.41:753][645]LogModuleManager: Shutting down and abandoning module LightPropagationVolumeEditor (98)
[2016.01.17-18.22.41:753][645]LogModuleManager: Shutting down and abandoning module PaperTiledImporter (97)
[2016.01.17-18.22.41:753][645]LogModuleManager: Shutting down and abandoning module PaperSpriteSheetImporter (96)
[2016.01.17-18.22.41:753][645]LogModuleManager: Shutting down and abandoning module MeshPaint (95)
[2016.01.17-18.22.41:753][645]LogModuleManager: Shutting down and abandoning module SlateReflector (94)
[2016.01.17-18.22.41:753][645]LogModuleManager: Shutting down and abandoning module HotReload (93)
[2016.01.17-18.22.41:753][645]LogModuleManager: Shutting down and abandoning module MainFrame (92)
[2016.01.17-18.22.41:753][645]LogModuleManager: Shutting down and abandoning module LevelEditor (91)
[2016.01.17-18.22.41:754][645]LogModuleManager: Shutting down and abandoning module DirectoryWatcher (90)
[2016.01.17-18.22.41:755][645]LogModuleManager: Shutting down and abandoning module AssetRegistry (89)
[2016.01.17-18.22.41:852][645]LogModuleManager: Shutting down and abandoning module ContentBrowser (88)
[2016.01.17-18.22.41:853][645]LogModuleManager: Shutting down and abandoning module Paper2DEditor (87)
[2016.01.17-18.22.41:853][645]LogModuleManager: Shutting down and abandoning module UdpMessaging (86)
[2016.01.17-18.22.41:954][645]LogModuleManager: Shutting down and abandoning module LightPropagationVolumeRuntime (85)
[2016.01.17-18.22.41:954][645]LogModuleManager: Shutting down and abandoning module Paper2D (84)
[2016.01.17-18.22.41:954][645]LogModuleManager: Shutting down and abandoning module WindowsMoviePlayer (83)
[2016.01.17-18.22.41:956][645]LogModuleManager: Shutting down and abandoning module Media (82)
[2016.01.17-18.22.41:956][645]LogModuleManager: Shutting down and abandoning module WmfMedia (81)
[2016.01.17-18.22.41:956][645]LogModuleManager: Shutting down and abandoning module OnlineBlueprintSupport (80)
[2016.01.17-18.22.41:956][645]LogModuleManager: Shutting down and abandoning module GameplayTasksEditor (79)
[2016.01.17-18.22.41:956][645]LogModuleManager: Shutting down and abandoning module PropertyEditor (78)
[2016.01.17-18.22.41:956][645]LogModuleManager: Shutting down and abandoning module BehaviorTreeEditor (77)
[2016.01.17-18.22.41:956][645]LogModuleManager: Shutting down and abandoning module FunctionalTesting (76)
[2016.01.17-18.22.41:956][645]LogModuleManager: Shutting down and abandoning module CollisionAnalyzer (75)
[2016.01.17-18.22.41:956][645]LogModuleManager: Shutting down and abandoning module WorkspaceMenuStructure (74)
[2016.01.17-18.22.41:956][645]LogModuleManager: Shutting down and abandoning module MessageLog (73)
[2016.01.17-18.22.41:956][645]LogModuleManager: Shutting down and abandoning module Sequencer (72)
[2016.01.17-18.22.41:957][645]LogModuleManager: Shutting down and abandoning module AssetTools (71)
[2016.01.17-18.22.41:957][645]LogModuleManager: Shutting down and abandoning module UMGEditor (70)
[2016.01.17-18.22.41:957][645]LogModuleManager: Shutting down and abandoning module UMG (69)
[2016.01.17-18.22.41:957][645]LogModuleManager: Shutting down and abandoning module Slate (68)
[2016.01.17-18.22.41:957][645]LogModuleManager: Shutting down and abandoning module EditorStyle (67)
[2016.01.17-18.22.41:958][645]LogModuleManager: Shutting down and abandoning module SessionServices (66)
[2016.01.17-18.22.41:958][645]LogModuleManager: Shutting down and abandoning module SourceCodeAccess (65)
[2016.01.17-18.22.41:958][645]LogModuleManager: Shutting down and abandoning module HeadMountedDisplay (64)
[2016.01.17-18.22.41:958][645]LogModuleManager: Shutting down and abandoning module XAudio2 (63)
[2016.01.17-18.22.41:958][645]LogModuleManager: Shutting down and abandoning module Networking (61)
[2016.01.17-18.22.41:958][645]LogModuleManager: Shutting down and abandoning module Core (60)
[2016.01.17-18.22.41:958][645]LogModuleManager: Shutting down and abandoning module KismetCompiler (59)
[2016.01.17-18.22.41:958][645]LogModuleManager: Shutting down and abandoning module PhysXFormats (58)
[2016.01.17-18.22.41:958][645]LogModuleManager: Shutting down and abandoning module MeshUtilities (57)
[2016.01.17-18.22.41:958][645]LogModuleManager: Shutting down and abandoning module DerivedDataCache (56)
[2016.01.17-18.22.42:009][645]LogDerivedDataCache: Shutdown
[2016.01.17-18.22.42:009][645]LogModuleManager: Shutting down and abandoning module ShaderFormatOpenGL (55)
[2016.01.17-18.22.42:009][645]LogModuleManager: Shutting down and abandoning module ShaderFormatD3D (54)
[2016.01.17-18.22.42:009][645]LogModuleManager: Shutting down and abandoning module MetalShaderFormat (53)
[2016.01.17-18.22.42:009][645]LogModuleManager: Shutting down and abandoning module TextureFormatUncompressed (52)
[2016.01.17-18.22.42:009][645]LogModuleManager: Shutting down and abandoning module TextureFormatPVR (51)
[2016.01.17-18.22.42:009][645]LogModuleManager: Shutting down and abandoning module TextureFormatIntelISPCTexComp (50)
[2016.01.17-18.22.42:009][645]LogModuleManager: Shutting down and abandoning module TextureFormatDXT (49)
[2016.01.17-18.22.42:009][645]LogModuleManager: Shutting down and abandoning module ImageWrapper (48)
[2016.01.17-18.22.42:009][645]LogModuleManager: Shutting down and abandoning module TextureFormatASTC (47)
[2016.01.17-18.22.42:009][645]LogModuleManager: Shutting down and abandoning module TextureFormatAndroid (46)
[2016.01.17-18.22.42:009][645]LogModuleManager: Shutting down and abandoning module AudioFormatOpus (45)
[2016.01.17-18.22.42:009][645]LogModuleManager: Shutting down and abandoning module AudioFormatOgg (44)
[2016.01.17-18.22.42:009][645]LogModuleManager: Shutting down and abandoning module AudioFormatADPCM (43)
[2016.01.17-18.22.42:009][645]LogModuleManager: Shutting down and abandoning module LinuxTargetPlatform (42)
[2016.01.17-18.22.42:009][645]LogModuleManager: Shutting down and abandoning module LinuxServerTargetPlatform (41)
[2016.01.17-18.22.42:009][645]LogModuleManager: Shutting down and abandoning module LinuxNoEditorTargetPlatform (40)
[2016.01.17-18.22.42:009][645]LogModuleManager: Shutting down and abandoning module Messaging (39)
[2016.01.17-18.22.42:009][645]LogModuleManager: Shutting down and abandoning module IOSTargetPlatform (38)
[2016.01.17-18.22.42:010][645]LogModuleManager: Shutting down and abandoning module HTML5TargetPlatform (37)
[2016.01.17-18.22.42:010][645]LogModuleManager: Shutting down and abandoning module Android_PVRTCTargetPlatform (36)
[2016.01.17-18.22.42:010][645]LogModuleManager: Shutting down and abandoning module Android_MultiTargetPlatform (35)
[2016.01.17-18.22.42:010][645]LogModuleManager: Shutting down and abandoning module Android_ETC2TargetPlatform (34)
[2016.01.17-18.22.42:010][645]LogModuleManager: Shutting down and abandoning module Android_ETC1TargetPlatform (33)
[2016.01.17-18.22.42:010][645]LogModuleManager: Shutting down and abandoning module Android_DXTTargetPlatform (32)
[2016.01.17-18.22.42:010][645]LogModuleManager: Shutting down and abandoning module Android_ATCTargetPlatform (31)
[2016.01.17-18.22.42:010][645]LogModuleManager: Shutting down and abandoning module Android_ASTCTargetPlatform (30)
[2016.01.17-18.22.42:010][645]LogModuleManager: Shutting down and abandoning module AndroidTargetPlatform (29)
[2016.01.17-18.22.42:010][645]LogModuleManager: Shutting down and abandoning module WindowsTargetPlatform (28)
[2016.01.17-18.22.42:010][645]LogModuleManager: Shutting down and abandoning module WindowsServerTargetPlatform (27)
[2016.01.17-18.22.42:010][645]LogModuleManager: Shutting down and abandoning module WindowsNoEditorTargetPlatform (26)
[2016.01.17-18.22.42:010][645]LogModuleManager: Shutting down and abandoning module WindowsClientTargetPlatform (25)
[2016.01.17-18.22.42:010][645]LogModuleManager: Shutting down and abandoning module AllDesktopTargetPlatform (24)
[2016.01.17-18.22.42:010][645]LogModuleManager: Shutting down and abandoning module TargetPlatform (23)
[2016.01.17-18.22.42:010][645]LogModuleManager: Shutting down and abandoning module InputCore (22)
[2016.01.17-18.22.42:010][645]LogModuleManager: Shutting down and abandoning module Settings (21)
[2016.01.17-18.22.42:010][645]LogModuleManager: Shutting down and abandoning module OnlineSubsystem (19)
[2016.01.17-18.22.42:010][645]LogModuleManager: Shutting down and abandoning module HTTP (18)
[2016.01.17-18.22.44:014][645]LogModuleManager: Shutting down and abandoning module XMPP (17)
[2016.01.17-18.22.44:014][645]LogModuleManager: Shutting down and abandoning module OculusRift (16)
[2016.01.17-18.22.44:014][645]LogModuleManager: Shutting down and abandoning module ExampleDeviceProfileSelector (15)
[2016.01.17-18.22.44:014][645]LogModuleManager: Shutting down and abandoning module TextureCompressor (14)
[2016.01.17-18.22.44:014][645]LogModuleManager: Shutting down and abandoning module ShaderCore (13)
[2016.01.17-18.22.44:014][645]LogModuleManager: Shutting down and abandoning module Landscape (12)
[2016.01.17-18.22.44:014][645]LogModuleManager: Shutting down and abandoning module SlateRHIRenderer (11)
[2016.01.17-18.22.44:017][645]LogModuleManager: Shutting down and abandoning module OpenGLDrv (10)
[2016.01.17-18.22.44:017][645]LogModuleManager: Shutting down and abandoning module D3D11RHI (9)
[2016.01.17-18.22.44:017][645]LogModuleManager: Shutting down and abandoning module AnimGraphRuntime (8)
[2016.01.17-18.22.44:017][645]LogModuleManager: Shutting down and abandoning module Renderer (7)
[2016.01.17-18.22.44:017][645]LogModuleManager: Shutting down and abandoning module Engine (6)
[2016.01.17-18.22.44:017][645]LogModuleManager: Shutting down and abandoning module CoreUObject (5)
[2016.01.17-18.22.44:017][645]LogModuleManager: Shutting down and abandoning module NetworkFile (4)
[2016.01.17-18.22.44:017][645]LogModuleManager: Shutting down and abandoning module StreamingFile (3)
[2016.01.17-18.22.44:017][645]LogModuleManager: Shutting down and abandoning module SandboxFile (2)
[2016.01.17-18.22.44:017][645]LogModuleManager: Shutting down and abandoning module PakFile (1)
[2016.01.17-18.22.44:018][645]LogExit: Exiting.
[2016.01.17-18.22.44:030][645]Log file closed, 01/17/16 15:22:44
